0 verbose cli /usr/local/bin/node /usr/local/bin/npm
1 info using npm@8.19.4
2 info using node@v16.20.0
3 timing npm:load:whichnode Completed in 1ms
4 timing config:load:defaults Completed in 12ms
5 timing config:load:file:/usr/local/lib/node_modules/npm/npmrc Completed in 52ms
6 timing config:load:builtin Completed in 58ms
7 timing config:load:cli Completed in 42ms
8 timing config:load:env Completed in 1ms
9 timing config:load:project Completed in 4ms
10 timing config:load:file:/usr/src/node-red/.npmrc Completed in 0ms
11 timing config:load:user Completed in 0ms
12 timing config:load:file:/usr/local/etc/npmrc Completed in 10ms
13 timing config:load:global Completed in 11ms
14 timing config:load:validate Completed in 1ms
15 timing config:load:credentials Completed in 4ms
16 timing config:load:setEnvs Completed in 11ms
17 timing config:load Completed in 149ms
18 timing npm:load:configload Completed in 150ms
19 timing npm:load:mkdirpcache Completed in 90ms
20 timing npm:load:mkdirplogs Completed in 168ms
21 verbose title npm
22 verbose argv "--version"
23 timing npm:load:setTitle Completed in 13ms
24 timing config:load:flatten Completed in 31ms
25 timing npm:load:display Completed in 39ms
26 verbose logfile logs-max:10 dir:/data/.npm/_logs
27 verbose logfile /data/.npm/_logs/2023-05-31T18_50_30_421Z-debug-0.log
28 timing npm:load:logFile Completed in 1212ms
29 timing npm:load:timers Completed in 0ms
30 timing npm:load:configScope Completed in 0ms
31 timing npm:load Completed in 1708ms
32 verbose exit 0
33 timing npm Completed in 1882ms
34 info ok
