0 verbose cli /usr/local/bin/node /usr/local/bin/npm
1 info using npm@8.19.4
2 info using node@v16.20.0
3 timing npm:load:whichnode Completed in 0ms
4 timing config:load:defaults Completed in 24ms
5 timing config:load:file:/usr/local/lib/node_modules/npm/npmrc Completed in 74ms
6 timing config:load:builtin Completed in 75ms
7 timing config:load:cli Completed in 73ms
8 timing config:load:env Completed in 2ms
9 timing config:load:project Completed in 25ms
10 timing config:load:file:/usr/src/node-red/.npmrc Completed in 0ms
11 timing config:load:user Completed in 0ms
12 timing config:load:file:/usr/local/etc/npmrc Completed in 3ms
13 timing config:load:global Completed in 4ms
14 timing config:load:validate Completed in 1ms
15 timing config:load:credentials Completed in 42ms
16 timing config:load:setEnvs Completed in 4ms
17 timing config:load Completed in 324ms
18 timing npm:load:configload Completed in 324ms
19 timing npm:load:mkdirpcache Completed in 56ms
20 timing npm:load:mkdirplogs Completed in 48ms
21 verbose title npm
22 verbose argv "--version"
23 timing npm:load:setTitle Completed in 3ms
24 timing config:load:flatten Completed in 62ms
25 timing npm:load:display Completed in 77ms
26 verbose logfile logs-max:10 dir:/data/.npm/_logs
27 verbose logfile /data/.npm/_logs/2023-06-02T17_45_33_733Z-debug-0.log
28 timing npm:load:logFile Completed in 117ms
29 timing npm:load:timers Completed in 0ms
30 timing npm:load:configScope Completed in 0ms
31 timing npm:load Completed in 646ms
32 verbose exit 0
33 timing npm Completed in 701ms
34 info ok
